--------------------------------------------------------- Debug Log From Register Page ----------------------------------------


Request Method: GET
Input: 
Request Method: POST
Input: {"nationid":"1159900123123","dateofbirth":"2024-12-01","postcode":"14110","tel":"0935491111","email":"nonnon48265566@gmail.com","password":"asdf","firstname":"Nonthawat","lastname":"ตันติกุลวัฒนา","sex":"male","address":"asdf","ethnicity":"asdf","nationality":"sadf","district":"sadf","province":"df","occupation":"asdf","salary":"123","workplace":"asdf","healthhistory":"sadf","medicalhistory":"sadf","weight":"12","height":"123"}
Request Method: GET
Input: 
Request Method: GET
Input: 
Request Method: GET
Input: 
Request Method: POST
Input: {"nationid":null,"dateofbirth":null,"postcode":null,"tel":null,"email":null,"password":null,"firstname":null,"lastname":null,"sex":null,"address":null,"ethnicity":null,"nationality":null,"district":null,"province":null,"occupation":null,"salary":null,"workplace":null,"healthhistory":null,"medicalhistory":null,"weight":null,"height":null}
Request Method: GET
Input: 
Request Method: GET
Input: 
Request Method: POST
Input: {"nationid":"1159900123123","dateofbirth":"2024-12-01","postcode":"14110","tel":"0935491111","email":"nonnon48265566@gmail.com","password":"asdf","firstname":"Nonthawat","lastname":"ตันติกุลวัฒนา","sex":"male","address":"sadf","ethnicity":"asdf","nationality":"sadf","district":"sadf","province":"sadf","occupation":"asdf","salary":"123","workplace":"asdf","healthhistory":"sadf","medicalhistory":"sadf","weight":"50","height":"175"}
Request Method: GET
Input: 
Request Method: POST
Input: {"nationid":"1159900123123","dateofbirth":"2024-12-01","postcode":"14110","tel":"0935491111","email":"nonnon48265566@gmail.com","password":"asdf","firstname":"Nonthawat","lastname":"ตันติกุลวัฒนา","sex":"male","address":"sadf","ethnicity":"asdf","nationality":"sadf","district":"sadf","province":"sadf","occupation":"asdf","salary":"123","workplace":"asdf","healthhistory":"sadf","medicalhistory":"sadf","weight":"50","height":"175"}
Request Method: GET
Input: 
Request Method: POST
Input: {"nationid":"1159900123123","dateofbirth":"2024-12-01","postcode":"14110","tel":"0935491111","email":"nonnon48265566@gmail.com","password":"asdf","firstname":"Nonthawat","lastname":"ตันติกุลวัฒนา","sex":"male","address":"sadf","ethnicity":"asdf","nationality":"sadf","district":"sadf","province":"sadf","occupation":"asdf","salary":"123","workplace":"asdf","healthhistory":"sadf","medicalhistory":"sadf","weight":"50","height":"175"}
Request Method: GET
Input: 
Request Method: POST
Input: {"nationid":"1159900123123","dateofbirth":"2024-12-01","postcode":"14110","tel":"0935491111","email":"nonnon48265566@gmail.com","password":"asdf","firstname":"Nonthawat","lastname":"ตันติกุลวัฒนา","sex":"male","address":"sadf","ethnicity":"asdf","nationality":"sadf","district":"sadf","province":"sadf","occupation":"asdf","salary":"123","workplace":"asdf","healthhistory":"sadf","medicalhistory":"sadf","weight":"50","height":"175"}
Request Method: GET
Input: 
Request Method: POST
Input: {"nationid":"1159900123123","dateofbirth":"2024-12-01","postcode":"14110","tel":"0935491111","email":"nonnon48265566@gmail.com","password":"asdf","firstname":"Nonthawat","lastname":"ตันติกุลวัฒนา","sex":"male","address":"sadf","ethnicity":"asdf","nationality":"sadf","district":"sadf","province":"sadf","occupation":"asdf","salary":"123","workplace":"asdf","healthhistory":"sadf","medicalhistory":"sadf","weight":"50","height":"175"}
Request Method: POST
Input: {"nationid":"1159900123123","dateofbirth":"2024-12-01","postcode":"14110","tel":"0935491111","email":"nonnon48265566@gmail.com","password":"asdf","firstname":"Nonthawat","lastname":"ตันติกุลวัฒนา","sex":"male","address":"sadf","ethnicity":"asdf","nationality":"sadf","district":"sadf","province":"sadf","occupation":"asdf","salary":"123","workplace":"asdf","healthhistory":"sadf","medicalhistory":"sadf","weight":"50","height":"175"}
Request Method: POST
Input: {"nationid":"1159900123123","dateofbirth":"2024-12-01","postcode":"14110","tel":"0935491111","email":"nonnon48265566@gmail.com","password":"asdf","firstname":"Nonthawat","lastname":"ตันติกุลวัฒนา","sex":"male","address":"sadf","ethnicity":"asdf","nationality":"sadf","district":"sadf","province":"sadf","occupation":"asdf","salary":"123","workplace":"asdf","healthhistory":"sadf","medicalhistory":"sadf","weight":"50","height":"175"}
Request Method: POST
Input: {"nationid":"1159900123123","dateofbirth":"2024-12-01","postcode":"14110","tel":"0935491111","email":"nonnon48265566@gmail.com","password":"asdf","firstname":"Nonthawat","lastname":"ตันติกุลวัฒนา","sex":"male","address":"sadf","ethnicity":"asdf","nationality":"sadf","district":"sadf","province":"sadf","occupation":"asdf","salary":"123","workplace":"asdf","healthhistory":"sadf","medicalhistory":"sadf","weight":"50","height":"175"}
Request Method: POST
Input: {"nationid":"1159900123123","dateofbirth":"2024-12-01","postcode":"14110","tel":"0935491111","email":"nonnon48265566@gmail.com","password":"asdf","firstname":"Nonthawat","lastname":"ตันติกุลวัฒนา","sex":"male","address":"sadf","ethnicity":"asdf","nationality":"sadf","district":"sadf","province":"sadf","occupation":"asdf","salary":"123","workplace":"asdf","healthhistory":"sadf","medicalhistory":"sadf","weight":"50","height":"175"}
Request Method: POST
Input: {"nationid":"1159900123123","dateofbirth":"2024-12-07","postcode":"14110","tel":"0935491111","email":"nonnon48265566@gmail.com","password":"sadf","firstname":"Nonthawat","lastname":"ตันติกุลวัฒนา","sex":"male","address":"sdaf","ethnicity":"sadf","nationality":"sdaf","district":"sadf","province":"sdaf","occupation":"asdf","salary":"123","workplace":"asdf","healthhistory":"sadf","medicalhistory":"asdf","weight":"50","height":"175"}
Request Method: POST
Input: {"nationid":"1159900123123","dateofbirth":"2024-12-07","postcode":"14110","tel":"0935491111","email":"nonnon48265566@gmail.com","password":"sadf","firstname":"Nonthawat","lastname":"ตันติกุลวัฒนา","sex":"male","address":"sdaf","ethnicity":"sadf","nationality":"sdaf","district":"sadf","province":"sdaf","occupation":"asdf","salary":"123","workplace":"asdf","healthhistory":"sadf","medicalhistory":"asdf","weight":"50","height":"175"}
Request Method: POST
Input: {"nationid":"1159900123123","dateofbirth":"2024-12-07","postcode":"14110","tel":"0935491111","email":"nonnon48265566@gmail.com","password":"sadf","firstname":"Nonthawat","lastname":"ตันติกุลวัฒนา","sex":"male","address":"sdaf","ethnicity":"sadf","nationality":"sdaf","district":"sadf","province":"sdaf","occupation":"asdf","salary":"123","workplace":"asdf","healthhistory":"sadf","medicalhistory":"asdf","weight":"50","height":"175"}
Request Method: POST
Input: {"nationid":"1159900123123","dateofbirth":"2024-12-07","postcode":"14110","tel":"0935491111","email":"nonnon48265566@gmail.com","password":"sadf","firstname":"Nonthawat","lastname":"ตันติกุลวัฒนา","sex":"male","address":"sdaf","ethnicity":"sadf","nationality":"sdaf","district":"sadf","province":"sdaf","occupation":"asdf","salary":"123","workplace":"asdf","healthhistory":"sadf","medicalhistory":"asdf","weight":"50","height":"175"}
Request Method: POST
Input: {"nationid":"1159900123123","dateofbirth":"2024-12-07","postcode":"14110","tel":"0935491111","email":"nonnon48265566@gmail.com","password":"sadf","firstname":"Nonthawat","lastname":"ตันติกุลวัฒนา","sex":"male","address":"sdaf","ethnicity":"sadf","nationality":"sdaf","district":"sadf","province":"sdaf","occupation":"asdf","salary":"123","workplace":"asdf","healthhistory":"sadf","medicalhistory":"asdf","weight":"50","height":"175"}
Request Method: POST
Input: {"nationid":"1159900123123","dateofbirth":"2024-12-07","postcode":"14110","tel":"0935491111","email":"nonnon48265566@gmail.com","password":"sadf","firstname":"Nonthawat","lastname":"ตันติกุลวัฒนา","sex":"male","address":"sdaf","ethnicity":"sadf","nationality":"sdaf","district":"sadf","province":"sdaf","occupation":"asdf","salary":"123","workplace":"asdf","healthhistory":"sadf","medicalhistory":"asdf","weight":"50","height":"175"}
Request Method: POST
Input: {"nationid":"1159900123123","dateofbirth":"2024-12-07","postcode":"14110","tel":"0935491111","email":"nonnon48265566@gmail.com","password":"sadf","firstname":"Nonthawat","lastname":"ตันติกุลวัฒนา","sex":"male","address":"sdaf","ethnicity":"sadf","nationality":"sdaf","district":"sadf","province":"sdaf","occupation":"asdf","salary":"123","workplace":"asdf","healthhistory":"sadf","medicalhistory":"asdf","weight":"50","height":"175"}
Request Method: POST
Input: {"nationid":"1159900123123","dateofbirth":"2024-12-07","postcode":"14110","tel":"0935491111","email":"nonnon48265566@gmail.com","password":"sadf","firstname":"Nonthawat","lastname":"ตันติกุลวัฒนา","sex":"male","address":"sdaf","ethnicity":"sadf","nationality":"sdaf","district":"sadf","province":"sdaf","occupation":"asdf","salary":"123","workplace":"asdf","healthhistory":"sadf","medicalhistory":"asdf","weight":"50","height":"175"}
Request Method: POST
Input: {"nationid":"1159900123123","dateofbirth":"2024-12-07","postcode":"14110","tel":"0935491111","email":"nonnon48265566@gmail.com","password":"sadf","firstname":"Nonthawat","lastname":"ตันติกุลวัฒนา","sex":"male","address":"sdaf","ethnicity":"sadf","nationality":"sdaf","district":"sadf","province":"sdaf","occupation":"asdf","salary":"123","workplace":"asdf","healthhistory":"sadf","medicalhistory":"asdf","weight":"50","height":"175"}
Request Method: POST
Input: {"nationid":"1159900123123","dateofbirth":"2024-12-07","postcode":"14110","tel":"0935491111","email":"nonnon48265566@gmail.com","password":"sadf","firstname":"Nonthawat","lastname":"ตันติกุลวัฒนา","sex":"male","address":"sdaf","ethnicity":"sadf","nationality":"sdaf","district":"sadf","province":"sdaf","occupation":"asdf","salary":"123","workplace":"asdf","healthhistory":"sadf","medicalhistory":"asdf","weight":"50","height":"175"}
Request Method: POST
Input: {"nationid":"1159900123123","dateofbirth":"2024-12-07","postcode":"14110","tel":"0935491111","email":"nonnon48265566@gmail.com","password":"sadf","firstname":"Nonthawat","lastname":"ตันติกุลวัฒนา","sex":"male","address":"sdaf","ethnicity":"sadf","nationality":"sdaf","district":"sadf","province":"sdaf","occupation":"asdf","salary":"123","workplace":"asdf","healthhistory":"sadf","medicalhistory":"asdf","weight":"50","height":"175"}
Request Method: POST
Input: {"nationid":"1159900123123","dateofbirth":"2024-12-07","postcode":"14110","tel":"0935491111","email":"nonnon48265566@gmail.com","password":"sadf","firstname":"Nonthawat","lastname":"ตันติกุลวัฒนา","sex":"male","address":"sdaf","ethnicity":"sadf","nationality":"sdaf","district":"sadf","province":"sdaf","occupation":"asdf","salary":"123","workplace":"asdf","healthhistory":"sadf","medicalhistory":"asdf","weight":"50","height":"175"}
Request Method: POST
Input: {"nationid":"1159900123123","dateofbirth":"2024-12-07","postcode":"14110","tel":"0935491111","email":"nonnon48265566@gmail.com","password":"sadf","firstname":"Nonthawat","lastname":"ตันติกุลวัฒนา","sex":"male","address":"sdaf","ethnicity":"sadf","nationality":"sdaf","district":"sadf","province":"sdaf","occupation":"asdf","salary":"123","workplace":"asdf","healthhistory":"sadf","medicalhistory":"asdf","weight":"50","height":"175"}
Request Method: POST
Input: {"nationid":"1159900123123","dateofbirth":"2024-12-07","postcode":"14110","tel":"0935491111","email":"nonnon48265566@gmail.com","password":"sadf","firstname":"Nonthawat","lastname":"ตันติกุลวัฒนา","sex":"male","address":"sdaf","ethnicity":"sadf","nationality":"sdaf","district":"sadf","province":"sdaf","occupation":"asdf","salary":"123","workplace":"asdf","healthhistory":"sadf","medicalhistory":"asdf","weight":"50","height":"175"}
Request Method: POST
Input: {"nationid":"1159900123123","dateofbirth":"2024-12-07","postcode":"14110","tel":"0935491111","email":"nonnon48265566@gmail.com","password":"sadf","firstname":"Nonthawat","lastname":"ตันติกุลวัฒนา","sex":"male","address":"sdaf","ethnicity":"sadf","nationality":"sdaf","district":"sadf","province":"sdaf","occupation":"asdf","salary":"123","workplace":"asdf","healthhistory":"sadf","medicalhistory":"asdf","weight":"50","height":"175"}
Request Method: POST
Input: {"nationid":"1159900123123","dateofbirth":"2024-12-07","postcode":"14110","tel":"0935491111","email":"nonnon48265566@gmail.com","password":"sadf","firstname":"Nonthawat","lastname":"ตันติกุลวัฒนา","sex":"male","address":"sdaf","ethnicity":"sadf","nationality":"sdaf","district":"sadf","province":"sdaf","occupation":"asdf","salary":"123","workplace":"asdf","healthhistory":"sadf","medicalhistory":"asdf","weight":"50","height":"175"}
Request Method: POST
Input: {"nationid":"1159900123123","dateofbirth":"2024-12-07","postcode":"14110","tel":"0935491111","email":"nonnon48265566@gmail.com","password":"sadf","firstname":"Nonthawat","lastname":"ตันติกุลวัฒนา","sex":"male","address":"sdaf","ethnicity":"sadf","nationality":"sdaf","district":"sadf","province":"sdaf","occupation":"asdf","salary":"123","workplace":"asdf","healthhistory":"sadf","medicalhistory":"asdf","weight":"50","height":"175"}
Request Method: POST
Input: {"nationid":"1159900123123","dateofbirth":"2024-12-07","postcode":"14110","tel":"0935491111","email":"nonnon48265566@gmail.com","password":"sadf","firstname":"Nonthawat","lastname":"ตันติกุลวัฒนา","sex":"male","address":"sdaf","ethnicity":"sadf","nationality":"sdaf","district":"sadf","province":"sdaf","occupation":"asdf","salary":"123","workplace":"asdf","healthhistory":"sadf","medicalhistory":"asdf","weight":"50","height":"175"}
Request Method: POST
Input: {"nationid":"1159900123123","dateofbirth":"2024-12-07","postcode":"14110","tel":"0935491111","email":"nonnon48265566@gmail.com","password":"sadf","firstname":"Nonthawat","lastname":"ตันติกุลวัฒนา","sex":"male","address":"sdaf","ethnicity":"sadf","nationality":"sdaf","district":"sadf","province":"sdaf","occupation":"asdf","salary":"123","workplace":"asdf","healthhistory":"sadf","medicalhistory":"asdf","weight":"50","height":"175"}
Request Method: POST
Input: {"nationid":"1159900123123","dateofbirth":"2024-12-07","postcode":"14110","tel":"0935491111","email":"nonnon48265566@gmail.com","password":"sadf","firstname":"Nonthawat","lastname":"ตันติกุลวัฒนา","sex":"male","address":"sdaf","ethnicity":"sadf","nationality":"sdaf","district":"sadf","province":"sdaf","occupation":"asdf","salary":"123","workplace":"asdf","healthhistory":"sadf","medicalhistory":"asdf","weight":"50","height":"175"}
Request Method: POST
Input: {"nationid":"1159900123123","dateofbirth":"2024-12-07","postcode":"14110","tel":"0935491111","email":"nonnon48265566@gmail.com","password":"sadf","firstname":"Nonthawat","lastname":"ตันติกุลวัฒนา","sex":"male","address":"sdaf","ethnicity":"sadf","nationality":"sdaf","district":"sadf","province":"sdaf","occupation":"asdf","salary":"123","workplace":"asdf","healthhistory":"sadf","medicalhistory":"asdf","weight":"50","height":"175"}
Request Method: POST
Input: {"nationid":"1159900123123","dateofbirth":"2024-12-07","postcode":"14110","tel":"0935491111","email":"nonnon48265566@gmail.com","password":"sadf","firstname":"Nonthawat","lastname":"ตันติกุลวัฒนา","sex":"male","address":"sdaf","ethnicity":"sadf","nationality":"sdaf","district":"sadf","province":"sdaf","occupation":"asdf","salary":"123","workplace":"asdf","healthhistory":"sadf","medicalhistory":"asdf","weight":"50","height":"175"}
Request Method: POST
Input: {"nationid":"1159900123123","dateofbirth":"2024-12-07","postcode":"14110","tel":"0935491111","email":"nonnon48265566@gmail.com","password":"sadf","firstname":"Nonthawat","lastname":"ตันติกุลวัฒนา","sex":"male","address":"sdaf","ethnicity":"sadf","nationality":"sdaf","district":"sadf","province":"sdaf","occupation":"asdf","salary":"123","workplace":"asdf","healthhistory":"sadf","medicalhistory":"asdf","weight":"50","height":"175"}
Request Method: POST
Input: {"nationid":"1159900123123","dateofbirth":"2024-12-07","postcode":"14110","tel":"0935491111","email":"nonnon48265566@gmail.com","password":"sadf","firstname":"Nonthawat","lastname":"ตันติกุลวัฒนา","sex":"male","address":"sdaf","ethnicity":"sadf","nationality":"sdaf","district":"sadf","province":"sdaf","occupation":"asdf","salary":"123","workplace":"asdf","healthhistory":"sadf","medicalhistory":"asdf","weight":"50","height":"175"}
Request Method: POST
Input: {"nationid":"1159900123123","dateofbirth":"2024-12-07","postcode":"14110","tel":"0935491111","email":"nonnon48265566@gmail.com","password":"sadf","firstname":"Nonthawat","lastname":"ตันติกุลวัฒนา","sex":"male","address":"sdaf","ethnicity":"sadf","nationality":"sdaf","district":"sadf","province":"sdaf","occupation":"asdf","salary":"123","workplace":"asdf","healthhistory":"sadf","medicalhistory":"asdf","weight":"50","height":"175"}
Request Method: POST
Input: {"nationid":"1159900123123","dateofbirth":"2024-12-07","postcode":"14110","tel":"0935491111","email":"nonnon48265566@gmail.com","password":"sadf","firstname":"Nonthawat","lastname":"ตันติกุลวัฒนา","sex":"male","address":"sdaf","ethnicity":"sadf","nationality":"sdaf","district":"sadf","province":"sdaf","occupation":"asdf","salary":"123","workplace":"asdf","healthhistory":"sadf","medicalhistory":"asdf","weight":"50","height":"175"}
Request Method: POST
Input: {"nationid":"1159900123123","dateofbirth":"2024-12-07","postcode":"14110","tel":"0935491111","email":"nonnon48265566@gmail.com","password":"sadf","firstname":"Nonthawat","lastname":"ตันติกุลวัฒนา","sex":"male","address":"sdaf","ethnicity":"sadf","nationality":"sdaf","district":"sadf","province":"sdaf","occupation":"asdf","salary":"123","workplace":"asdf","healthhistory":"sadf","medicalhistory":"asdf","weight":"50","height":"175"}
Request Method: POST
Input: {"nationid":"1159900123123","dateofbirth":"2024-12-07","postcode":"14110","tel":"0935491111","email":"nonnon48265566@gmail.com","password":"sadf","firstname":"Nonthawat","lastname":"ตันติกุลวัฒนา","sex":"male","address":"sdaf","ethnicity":"sadf","nationality":"sdaf","district":"sadf","province":"sdaf","occupation":"asdf","salary":"123","workplace":"asdf","healthhistory":"sadf","medicalhistory":"asdf","weight":"50","height":"175"}
Request Method: POST
Input: {"nationid":"1159900123123","dateofbirth":"2024-12-07","postcode":"14110","tel":"0935491111","email":"nonnon48265566@gmail.com","password":"sadf","firstname":"Nonthawat","lastname":"ตันติกุลวัฒนา","sex":"male","address":"sdaf","ethnicity":"sadf","nationality":"sdaf","district":"sadf","province":"sdaf","occupation":"asdf","salary":"123","workplace":"asdf","healthhistory":"sadf","medicalhistory":"asdf","weight":"50","height":"175"}
Request Method: POST
Input: {"nationid":"1159900123123","dateofbirth":"2024-12-07","postcode":"14110","tel":"0935491111","email":"nonnon48265566@gmail.com","password":"sadf","firstname":"Nonthawat","lastname":"ตันติกุลวัฒนา","sex":"male","address":"sdaf","ethnicity":"sadf","nationality":"sdaf","district":"sadf","province":"sdaf","occupation":"asdf","salary":"123","workplace":"asdf","healthhistory":"sadf","medicalhistory":"asdf","weight":"50","height":"175"}
Request Method: POST
Input: {"nationid":"1159900123123","dateofbirth":"2024-12-07","postcode":"14110","tel":"0935491111","email":"nonnon48265566@gmail.com","password":"asd","firstname":"Nonthawat","lastname":"Tantikunwatthana","sex":"male","address":"356 7 thailand","ethnicity":"Thai","nationality":"Thai","district":"Wiset","province":"Angthong","occupation":"Student","salary":"123","workplace":"SWU","healthhistory":"-","medicalhistory":"-","weight":"50","height":"175"}
Request Method: POST
Input: {"nationid":"1159900123123","dateofbirth":"2024-12-07","postcode":"14110","tel":"0935491111","email":"nonnon48265566@gmail.com","password":"asd","firstname":"Nonthawat","lastname":"Tantikunwatthana","sex":"male","address":"356 7 thailand","ethnicity":"Thai","nationality":"Thai","district":"Wiset","province":"Angthong","occupation":"Student","salary":"123","workplace":"SWU","healthhistory":"-","medicalhistory":"-","weight":"50","height":"175"}
Request Method: POST
Input: {"nationid":"1159900123123","dateofbirth":"2024-12-07","postcode":"14110","tel":"0935491111","email":"nonnon48265566@gmail.com","password":"asd","firstname":"Nonthawat","lastname":"Tantikunwatthana","sex":"male","address":"356 7 thailand","ethnicity":"Thai","nationality":"Thai","district":"Wiset","province":"Angthong","occupation":"Student","salary":"123","workplace":"SWU","healthhistory":"-","medicalhistory":"-","weight":"50","height":"175"}
Request Method: POST
Input: {"nationid":"1159900123123","dateofbirth":"2024-12-07","postcode":"14110","tel":"0935491111","email":"nonnon48265566@gmail.com","password":"asd","firstname":"Nonthawat","lastname":"Tantikunwatthana","sex":"male","address":"356 7 thailand","ethnicity":"Thai","nationality":"Thai","district":"Wiset","province":"Angthong","occupation":"Student","salary":"123","workplace":"SWU","healthhistory":"-","medicalhistory":"-","weight":"50","height":"175"}
Request Method: POST
Input: {"nationid":"1159900123123","dateofbirth":"2024-12-07","postcode":"14110","tel":"0935491111","email":"nonnon48265566@gmail.com","password":"asd","firstname":"Nonthawat","lastname":"Tantikunwatthana","sex":"male","address":"356 7 thailand","ethnicity":"Thai","nationality":"Thai","district":"Wiset","province":"Angthong","occupation":"Student","salary":"123","workplace":"SWU","healthhistory":"-","medicalhistory":"-","weight":"50","height":"175"}
Request Method: POST
Input: {"nationid":"1159900123123","dateofbirth":"2024-12-07","postcode":"14110","tel":"0935491111","email":"nonnon48265566@gmail.com","password":"asd","firstname":"Nonthawat","lastname":"Tantikunwatthana","sex":"male","address":"356 7 thailand","ethnicity":"Thai","nationality":"Thai","district":"Wiset","province":"Angthong","occupation":"Student","salary":"123","workplace":"SWU","healthhistory":"-","medicalhistory":"-","weight":"50","height":"175"}
Request Method: POST
Input: {"nationid":"1159900123123","dateofbirth":"2024-12-07","postcode":"14110","tel":"0935491111","email":"nonnon48265566@gmail.com","password":"asd","firstname":"Nonthawat","lastname":"Tantikunwatthana","sex":"male","address":"356 7 thailand","ethnicity":"Thai","nationality":"Thai","district":"Wiset","province":"Angthong","occupation":"Student","salary":"123","workplace":"SWU","healthhistory":"-","medicalhistory":"-","weight":"50","height":"175"}
Request Method: POST
Input: {"nationid":"1159900123123","dateofbirth":"2024-12-07","postcode":"14110","tel":"0935491111","email":"nonnon48265566@gmail.com","password":"asd","firstname":"Nonthawat","lastname":"Tantikunwatthana","sex":"male","address":"356 7 thailand","ethnicity":"Thai","nationality":"Thai","district":"Wiset","province":"Angthong","occupation":"Student","salary":"123","workplace":"SWU","healthhistory":"-","medicalhistory":"-","weight":"50","height":"175"}
Request Method: POST
Input: {"nationid":"1159900123123","dateofbirth":"2024-12-07","postcode":"14110","tel":"0935491111","email":"nonnon48265566@gmail.com","password":"asd","firstname":"Nonthawat","lastname":"Tantikunwatthana","sex":"male","address":"356 7 thailand","ethnicity":"Thai","nationality":"Thai","district":"Wiset","province":"Angthong","occupation":"Student","salary":"123","workplace":"SWU","healthhistory":"-","medicalhistory":"-","weight":"50","height":"175"}
Request Method: POST
Input: {"nationid":"1159900123123","dateofbirth":"2024-12-07","postcode":"14110","tel":"0935491111","email":"nonnon48265566@gmail.com","password":"asd","firstname":"Nonthawat","lastname":"Tantikunwatthana","sex":"male","address":"356 7 thailand","ethnicity":"Thai","nationality":"Thai","district":"Wiset","province":"Angthong","occupation":"Student","salary":"123","workplace":"SWU","healthhistory":"-","medicalhistory":"-","weight":"50","height":"175"}
Request Method: POST
Input: {"nationid":"1159900123123","dateofbirth":"2024-12-07","postcode":"14110","tel":"0935491111","email":"nonnon48265566@gmail.com","password":"asd","firstname":"Nonthawat","lastname":"Tantikunwatthana","sex":"male","address":"356 7 thailand","ethnicity":"Thai","nationality":"Thai","district":"Wiset","province":"Angthong","occupation":"Student","salary":"123","workplace":"SWU","healthhistory":"-","medicalhistory":"-","weight":"50","height":"175"}
Request Method: POST
Input: {"nationid":"1159900123123","dateofbirth":"2024-12-07","postcode":"14110","tel":"0935491111","email":"nonnon48265566@gmail.com","password":"asd","firstname":"Nonthawat","lastname":"Tantikunwatthana","sex":"male","address":"356 7 thailand","ethnicity":"Thai","nationality":"Thai","district":"Wiset","province":"Angthong","occupation":"Student","salary":"123","workplace":"SWU","healthhistory":"-","medicalhistory":"-","weight":"50","height":"175"}
Request Method: POST
Input: {"nationid":"1159900123123","dateofbirth":"2024-12-07","postcode":"14110","tel":"0935491111","email":"nonnon48265566@gmail.com","password":"asd","firstname":"Nonthawat","lastname":"Tantikunwatthana","sex":"male","address":"356 7 thailand","ethnicity":"Thai","nationality":"Thai","district":"Wiset","province":"Angthong","occupation":"Student","salary":"123","workplace":"SWU","healthhistory":"-","medicalhistory":"-","weight":"50","height":"175"}
Request Method: POST
Input: {"nationid":"1159900123123","dateofbirth":"2024-12-07","postcode":"14110","tel":"0935491111","email":"nonnon48265566@gmail.com","password":"asd","firstname":"Nonthawat","lastname":"Tantikunwatthana","sex":"male","address":"356 7 thailand","ethnicity":"Thai","nationality":"Thai","district":"Wiset","province":"Angthong","occupation":"Student","salary":"123","workplace":"SWU","healthhistory":"-","medicalhistory":"-","weight":"50","height":"175"}
Request Method: POST
Input: {"nationid":"1159900123123","dateofbirth":"2024-12-07","postcode":"14110","tel":"0935491111","email":"nonnon48265566@gmail.com","password":"asd","firstname":"Nonthawat","lastname":"Tantikunwatthana","sex":"male","address":"356 7 thailand","ethnicity":"Thai","nationality":"Thai","district":"Wiset","province":"Angthong","occupation":"Student","salary":"123","workplace":"SWU","healthhistory":"-","medicalhistory":"-","weight":"50","height":"175"}
Request Method: POST
Input: {"nationid":"1159900123123","dateofbirth":"2024-12-07","postcode":"14110","tel":"0935491111","email":"nonnon48265566@gmail.com","password":"asd","firstname":"Nonthawat","lastname":"Tantikunwatthana","sex":"male","address":"356 7 thailand","ethnicity":"Thai","nationality":"Thai","district":"Wiset","province":"Angthong","occupation":"Student","salary":"123","workplace":"SWU","healthhistory":"-","medicalhistory":"-","weight":"50","height":"175"}
Request Method: POST
Input: {"nationid":"1159900123123","dateofbirth":"2024-12-07","postcode":"14110","tel":"0935491111","email":"nonnon48265566@gmail.com","password":"asd","firstname":"Nonthawat","lastname":"Tantikunwatthana","sex":"male","address":"356 7 thailand","ethnicity":"Thai","nationality":"Thai","district":"Wiset","province":"Angthong","occupation":"Student","salary":"123","workplace":"SWU","healthhistory":"-","medicalhistory":"-","weight":"50","height":"175"}
Request Method: POST
Input: {"nationid":"1159900123123","dateofbirth":"2024-12-07","postcode":"14110","tel":"0935491111","email":"nonnon48265566@gmail.com","password":"asd","firstname":"Nonthawat","lastname":"Tantikunwatthana","sex":"male","address":"356 7 thailand","ethnicity":"Thai","nationality":"Thai","district":"Wiset","province":"Angthong","occupation":"Student","salary":"123","workplace":"SWU","healthhistory":"-","medicalhistory":"-","weight":"50","height":"175"}
Request Method: POST
Input: {"nationid":"1159900123123","dateofbirth":"2024-12-07","postcode":"14110","tel":"0935491111","email":"nonnon48265566@gmail.com","password":"asd","firstname":"Nonthawat","lastname":"Tantikunwatthana","sex":"male","address":"356 7 thailand","ethnicity":"Thai","nationality":"Thai","district":"Wiset","province":"Angthong","occupation":"Student","salary":"123","workplace":"SWU","healthhistory":"-","medicalhistory":"-","weight":"50","height":"175"}
Request Method: POST
Input: {"nationid":"1159900123123","dateofbirth":"2024-12-07","postcode":"14110","tel":"0935491111","email":"nonnon48265566@gmail.com","password":"asd","firstname":"Nonthawat","lastname":"Tantikunwatthana","sex":"male","address":"356 7 thailand","ethnicity":"Thai","nationality":"Thai","district":"Wiset","province":"Angthong","occupation":"Student","salary":"123","workplace":"SWU","healthhistory":"-","medicalhistory":"-","weight":"50","height":"175"}
Request Method: POST
Input: {"nationid":"1159900123123","dateofbirth":"2024-12-07","postcode":"14110","tel":"0935491111","email":"nonnon48265566@gmail.com","password":"asd","firstname":"Nonthawat","lastname":"Tantikunwatthana","sex":"male","address":"356 7 thailand","ethnicity":"Thai","nationality":"Thai","district":"Wiset","province":"Angthong","occupation":"Student","salary":"123","workplace":"SWU","healthhistory":"-","medicalhistory":"-","weight":"50","height":"175"}
Request Method: POST
Input: {"nationid":"1159900123123","dateofbirth":"2024-12-07","postcode":"14110","tel":"0935491111","email":"nonnon48265566@gmail.com","password":"asd","firstname":"Nonthawat","lastname":"Tantikunwatthana","sex":"male","address":"356 7 thailand","ethnicity":"Thai","nationality":"Thai","district":"Wiset","province":"Angthong","occupation":"Student","salary":"123","workplace":"SWU","healthhistory":"-","medicalhistory":"-","weight":"50","height":"175"}
Request Method: POST
Input: {"nationid":"1159900123123","dateofbirth":"2024-12-07","postcode":"14110","tel":"0935491111","email":"nonnon48265566@gmail.com","password":"asd","firstname":"Nonthawat","lastname":"Tantikunwatthana","sex":"male","address":"356 7 thailand","ethnicity":"Thai","nationality":"Thai","district":"Wiset","province":"Angthong","occupation":"Student","salary":"123","workplace":"SWU","healthhistory":"-","medicalhistory":"-","weight":"50","height":"175"}
Request Method: POST
Input: {"nationid":"1159900123123","dateofbirth":"2024-12-07","postcode":"14110","tel":"0935491111","email":"nonnon48265566@gmail.com","password":"asd","firstname":"Nonthawat","lastname":"Tantikunwatthana","sex":"male","address":"356 7 thailand","ethnicity":"Thai","nationality":"Thai","district":"Wiset","province":"Angthong","occupation":"Student","salary":"123","workplace":"SWU","healthhistory":"-","medicalhistory":"-","weight":"50","height":"175"}
Request Method: GET
Input: 
Request Method: GET
Input: 
Request Method: GET
Input: 
Request Method: POST
Input: {"nationid":"1159900123123","dateofbirth":"2024-12-07","postcode":"14110","tel":"0935491111","email":"nonnon48265566@gmail.com","password":"asd","firstname":"Nonthawat","lastname":"Tantikunwatthana","sex":"male","address":"356 7 thailand","ethnicity":"Thai","nationality":"Thai","district":"Wiset","province":"Angthong","occupation":"Student","salary":"123","workplace":"SWU","healthhistory":"-","medicalhistory":"-","weight":"50","height":"175"}
Request Method: POST
Input: {"nationid":"1159900123123","dateofbirth":"2024-12-01","postcode":"14110","tel":"0935491111","email":"nonnon48265566@gmail.com","password":"sdaf","firstname":"Nonthawat","lastname":"Tantikunwatthana","sex":"male","address":"adsf","ethnicity":"asdf","nationality":"asdf","district":"adsf","province":"sadf","occupation":"asdf","salary":"123","workplace":"asdf","healthhistory":"saf","medicalhistory":"sadf","weight":"50","height":"175"}
Request Method: POST
Input: {"nationid":"1159900123123","dateofbirth":"2024-12-07","postcode":"14110","tel":"0935491111","email":"nonnon48265566@gmail.com","password":"sdaf","firstname":"Nonthawat","lastname":"Tantikunwatthana","sex":"male","address":"sadf","ethnicity":"sadf","nationality":"sadfd","district":"sadf","province":"asdf","occupation":"asfd","salary":"123","workplace":"asdf","healthhistory":"asdf","medicalhistory":"asdf","weight":"50","height":"175"}
Request Method: POST
Input: {"nationid":"1159900123123","dateofbirth":"2024-12-01","postcode":"14110","tel":"0935491111","email":"nonnon48265566@gmail.com","password":"asdf","firstname":"Nonthawat","lastname":"Tantikunwatthana","sex":"male","address":"asdf","ethnicity":"asdf","nationality":"sadf","district":"sadf","province":"sadf","occupation":"asdf","salary":"213","workplace":"saf","healthhistory":"sadf","medicalhistory":"asd","weight":"50","height":"175"}
Request Method: POST
Input: {"nationid":"1159900123123","dateofbirth":"2024-12-01","postcode":"14110","tel":"0935491111","email":"nonnon48265566@gmail.com","password":"asdf","firstname":"Nonthawat","lastname":"Tantikunwatthana","sex":"male","address":"asdf","ethnicity":"asdf","nationality":"sadf","district":"sadf","province":"sadf","occupation":"asdf","salary":"213","workplace":"saf","healthhistory":"sadf","medicalhistory":"asd","weight":"50","height":"175"}
Request Method: POST
Input: {"nationid":"1159900123123","dateofbirth":"2024-12-01","postcode":"14110","tel":"0935491111","email":"nonnon48265566@gmail.com","password":"asdf","firstname":"Nonthawat","lastname":"Tantikunwatthana","sex":"male","address":"sadf","ethnicity":"asdf","nationality":"asdf","district":"asdf","province":"asdf","occupation":"sadf","salary":"500","workplace":"sadf","healthhistory":"asdf","medicalhistory":"sadf","weight":"50","height":"175"}
Request Method: POST
Input: {"nationid":"1159900123123","dateofbirth":"2024-12-01","postcode":"14110","tel":"0935491111","email":"nonnon48265566@gmail.com","password":"asdf","firstname":"Nonthawat","lastname":"Tantikunwatthana","sex":"male","address":"sadf","ethnicity":"asdf","nationality":"asdf","district":"asdf","province":"asdf","occupation":"sadf","salary":"500","workplace":"sadf","healthhistory":"asdf","medicalhistory":"sadf","weight":"50","height":"175"}
Request Method: POST
Input: {"nationid":"1159900123123","dateofbirth":"2024-12-01","postcode":"14110","tel":"0935491111","email":"nonnon48265566@gmail.com","password":"asdf","firstname":"Nonthawat","lastname":"Tantikunwatthana","sex":"male","address":"sadf","ethnicity":"asdf","nationality":"asdf","district":"asdf","province":"asdf","occupation":"sadf","salary":"500","workplace":"sadf","healthhistory":"asdf","medicalhistory":"sadf","weight":"50","height":"175"}
Request Method: POST
Input: {"nationid":"1159900123123","dateofbirth":"2024-12-01","postcode":"14110","tel":"0935491111","email":"nonnon48265566@gmail.com","password":"asdf","firstname":"Nonthawat","lastname":"Tantikunwatthana","sex":"male","address":"356 7 thailand","ethnicity":"asdf","nationality":"asdf","district":"asdf","province":"sadf","occupation":"asdf","salary":"500","workplace":"asdf","healthhistory":"asdf","medicalhistory":"sadf","weight":"50","height":"175"}
Request Method: POST
Input: {"nationid":"1159900123123","dateofbirth":"2024-12-01","postcode":"14110","tel":"0935491111","email":"nonnon48265566@gmail.com","password":"asdf","firstname":"Nonthawat","lastname":"Tantikunwatthana","sex":"male","address":"356 7 thailand","ethnicity":"asdf","nationality":"asdf","district":"asdf","province":"sadf","occupation":"asdf","salary":"500","workplace":"asdf","healthhistory":"asdf","medicalhistory":"sadf","weight":"50","height":"175"}
Request Method: POST
Input: {"nationid":"1159900123123","dateofbirth":"2024-12-01","postcode":"14110","tel":"0935491111","email":"nonnon48265566@gmail.com","password":"asdf","firstname":"Nonthawat","lastname":"Tantikunwatthana","sex":"male","address":"356 7 thailand","ethnicity":"asdf","nationality":"asdf","district":"asdf","province":"sadf","occupation":"asdf","salary":"500","workplace":"asdf","healthhistory":"asdf","medicalhistory":"sadf","weight":"50","height":"175"}
Request Method: POST
Input: {"nationid":"1159900123123","dateofbirth":"2024-12-01","postcode":"14110","tel":"0935491111","email":"nonnon48265566@gmail.com","password":"asdf","firstname":"Nonthawat","lastname":"Tantikunwatthana","sex":"male","address":"356 7 thailand","ethnicity":"asdf","nationality":"asdf","district":"asdf","province":"sadf","occupation":"asdf","salary":"500","workplace":"asdf","healthhistory":"asdf","medicalhistory":"sadf","weight":"50","height":"175"}
Request Method: POST
Input: {"nationid":"1159900123123","dateofbirth":"2024-12-01","postcode":"14110","tel":"0935491111","email":"nonnon48265566@gmail.com","password":"asdf","firstname":"Nonthawat","lastname":"Tantikunwatthana","sex":"male","address":"356 7 thailand","ethnicity":"asdf","nationality":"asdf","district":"asdf","province":"sadf","occupation":"asdf","salary":"500","workplace":"asdf","healthhistory":"asdf","medicalhistory":"sadf","weight":"50","height":"175"}
Request Method: POST
Input: {"nationid":"1159900123123","dateofbirth":"2024-12-01","postcode":"14110","tel":"0935491111","email":"nonnon48265566@gmail.com","password":"asdf","firstname":"Nonthawat","lastname":"Tantikunwatthana","sex":"male","address":"356 7 thailand","ethnicity":"asdf","nationality":"asdf","district":"asdf","province":"sadf","occupation":"asdf","salary":"500","workplace":"asdf","healthhistory":"asdf","medicalhistory":"sadf","weight":"50","height":"175"}
Request Method: POST
Input: {"nationid":"1159900123123","dateofbirth":"2024-12-01","postcode":"14110","tel":"0935491111","email":"nonnon48265566@gmail.com","password":"asdf","firstname":"Nonthawat","lastname":"Tantikunwatthana","sex":"male","address":"356 7 thailand","ethnicity":"asdf","nationality":"asdf","district":"asdf","province":"sadf","occupation":"asdf","salary":"500","workplace":"asdf","healthhistory":"asdf","medicalhistory":"sadf","weight":"50","height":"175"}
Request Method: POST
Input: {"nationid":"1159900123123","dateofbirth":"2024-12-07","postcode":"14110","tel":"0935491111","email":"nonnon48265566@gmail.com","password":"asdf","firstname":"Nonthawat","lastname":"Tantikunwatthana","sex":"male","address":"sadf","ethnicity":"asdf","nationality":"asdf","district":"sadf","province":"sadf","occupation":"sadf","salary":"15","workplace":"sdafq","healthhistory":"fgh","medicalhistory":"fgh","weight":"50","height":"175"}
Request Method: POST
Input: {"nationid":"1159900123123","dateofbirth":"2024-12-01","postcode":"14110","tel":"0935491111","email":"nonnon48265566@gmail.com","password":"asdf","firstname":"Nonthawat","lastname":"Tantikunwatthana","sex":"male","address":"asdf","ethnicity":"adsf","nationality":"asdf","district":"sadf","province":"asdf","occupation":"asdf","salary":"456","workplace":"sadf","healthhistory":"sadf","medicalhistory":"sdf","weight":"50","height":"175"}
Request Method: POST
Input: {"nationid":"1159900123123","dateofbirth":"2024-12-01","postcode":"14110","tel":"0935491111","email":"nonnon48265566@gmail.com","password":"sadf","firstname":"Nonthawat","lastname":"Tantikunwatthana","sex":"male","address":"356 7 thailand","ethnicity":"sadf","nationality":"sadf","district":"asdf","province":"saf","occupation":"sadf","salary":"123","workplace":"asdf","healthhistory":"sadf","medicalhistory":"asf","weight":"50","height":"175"}
Request Method: POST
Input: {"nationid":"1159900123123","dateofbirth":"2024-12-07","postcode":"14110","tel":"0935491111","email":"nonnon48265566@gmail.com","password":"asdf","firstname":"Nonthawat","lastname":"Tantikunwatthana","sex":"male","address":"asdf","ethnicity":"sadf","nationality":"sadf","district":"sadf","province":"sadf","occupation":"sadf","salary":"123","workplace":"sdaf","healthhistory":"asdf","medicalhistory":"asdf","weight":"50","height":"175"}
Request Method: POST
Input: {"nationid":"1159900123123","dateofbirth":"2024-12-07","postcode":"14110","tel":"0935491111","email":"nonnon48265566@gmail.com","password":"asdf","firstname":"Nonthawat","lastname":"Tantikunwatthana","sex":"male","address":"asdf","ethnicity":"sadf","nationality":"sadf","district":"sadf","province":"sadf","occupation":"sadf","salary":"123","workplace":"sdaf","healthhistory":"asdf","medicalhistory":"asdf","weight":"50","height":"175"}
Request Method: POST
Input: {"nationid":"1159900123123","dateofbirth":"2024-12-01","postcode":"14110","tel":"0935491111","email":"nonnon48265566@gmail.com","password":"asdf","firstname":"Nonthawat","lastname":"Tantikunwatthana","sex":"male","address":"356 7 thailand","ethnicity":"asdf","nationality":"sad","district":"asdf","province":"sadf","occupation":"asdf","salary":"456","workplace":"asdf","healthhistory":"asdf","medicalhistory":"asdf","weight":"50","height":"175"}
Request Method: POST
Input: {"nationid":"1159900123123","dateofbirth":"2024-12-08","postcode":"14110","tel":"0935491111","email":"nonnon48265566@gmail.com","password":"asdf","firstname":"Nonthawat","lastname":"Tantikunwatthana","sex":"male","address":"asdf","ethnicity":"asd","nationality":"fasdf","district":"asdf","province":"asdf","occupation":"asdf","salary":"456","workplace":"asf","healthhistory":"asdf","medicalhistory":"asdf","weight":"50","height":"175"}
Request Method: POST
Input: {"nationid":"1159900123123","dateofbirth":"2024-12-01","postcode":"14110","tel":"0935491111","email":"nonnon48265566@gmail.com","password":"asdf","firstname":"Nonthawat","lastname":"Tantikunwatthana","sex":"male","address":"sadf","ethnicity":"sadf","nationality":"sadf","district":"asdf","province":"sdaf","occupation":"sadf","salary":"123","workplace":"asdf","healthhistory":"asdf","medicalhistory":"sadf","weight":"50","height":"175"}
Request Method: POST
Input: {"nationid":"1159900123123","dateofbirth":"2024-12-07","postcode":"14110","tel":"0935491111","email":"nonnon48265566@gmail.com","password":"asdf","firstname":"Nonthawat","lastname":"Tantikunwatthana","sex":"male","address":"356 7 thailand","ethnicity":"Thai","nationality":"Thai","district":"Wisetchaichan","province":"Angthong","occupation":"Student","salary":"10000","workplace":"SWU","healthhistory":"-","medicalhistory":"-","weight":"50","height":"175"}
Request Method: POST
Input: {"nationid":"1159900123123","dateofbirth":"2024-12-01","postcode":"14110","tel":"0935491111","email":"nonnon48265566@gmail.com","password":"Nonthawat","firstname":"นนทวัฒน์","lastname":"ตันติกุลวัฒนา","sex":"male","address":"356 7 thailand","ethnicity":"ไทย","nationality":"ไทย","district":"วิเศษชัยชาญ","province":"อ่างทอง","occupation":"เรียน","salary":"10000","workplace":"มศว","healthhistory":"-","medicalhistory":"-","weight":"50","height":"175"}
Request Method: POST
Input: {"nationid":"1159900123123","dateofbirth":"2024-12-01","postcode":"14110","tel":"0935491111","email":"nonnon48265566@gmail.com","password":"asdf","firstname":"Nonthawat","lastname":"Tantikunwatthana","sex":"male","address":"sadf","ethnicity":"asdf","nationality":"asdf","district":"asdf","province":"asdf","occupation":"asdf","salary":"123","workplace":"asdf","healthhistory":"asdf","medicalhistory":"asdf","weight":"50","height":"175"}
Request Method: POST
Input: {"nationid":"1159900123123","dateofbirth":"2024-12-01","postcode":"14110","tel":"0935491111","email":"nonnon48265566@gmail.com","password":"Nonthawat","firstname":"Nonthawat","lastname":"Tantikunwatthana","sex":"male","address":"352","ethnicity":"thai","nationality":"thai","district":"wisetchaichan","province":"angthong","occupation":"student","salary":"10000","workplace":"swu","healthhistory":"-","medicalhistory":"-","weight":"50","height":"175"}
Request Method: POST
Input: {"nationid":"1159900469809","dateofbirth":"2006-04-22","postcode":"14110","tel":"0935491111","email":"nonnon48265566@gmail.com","password":"Nonthawat","firstname":"สุทธวีร์","lastname":"ตันติกุลวัฒนา","sex":"other","address":"352","ethnicity":"ไทย","nationality":"ไทย","district":"วิเศษชัยชาญ","province":"อ่างทอง","occupation":"นักเรียน","salary":"20","workplace":"มหาวิทยาลัยนเรศวร","healthhistory":"-","medicalhistory":"ทำฟัน","weight":"50","height":"158"}
Request Method: POST
Input: {"nationid":"1159900123123","dateofbirth":"2024-12-08","postcode":"14110","tel":"0935491111","email":"nonnon48265566@gmail.com","password":"asdf","firstname":"Nonthawat","lastname":"Tantikunwatthana","sex":"male","address":"356 7 thailand","ethnicity":"thai","nationality":"thai","district":"asdf","province":"asdf","occupation":"asdf","salary":"123","workplace":"asdf","healthhistory":"asdf","medicalhistory":"asdf","weight":"50","height":"175"}
Request Method: POST
Input: {"nationid":"1159900123123","dateofbirth":"2024-12-01","postcode":"14110","tel":"0935491111","email":"nonnon48265566@gmail.com","password":"123","firstname":"Nonthawat","lastname":"Tantikunwatthana","sex":"male","address":"356 7 thailand","ethnicity":"th","nationality":"th","district":"ws","province":"ang","occupation":"stu","salary":"500","workplace":"swu","healthhistory":"-","medicalhistory":"-","weight":"50","height":"175"}
Request Method: POST
Input: {"nationid":"1159900123123","dateofbirth":"2024-12-01","postcode":"14110","tel":"0935491111","email":"nonnon48265566@gmail.com","password":"123","firstname":"Nonthawat","lastname":"Tantikunwatthana","sex":"male","address":"356 7 thailand","ethnicity":"thai","nationality":"thai","district":"wisetchaichan","province":"angthong","occupation":"student","salary":"10000","workplace":"swu","healthhistory":"-","medicalhistory":"-","weight":"50","height":"175"}
Request Method: POST
Input: {"nationid":"1159900123123","dateofbirth":"2024-12-07","postcode":"14110","tel":"0935491111","email":"nonnon48265566@gmail.com","password":"asdf","firstname":"Nonthawat","lastname":"Tantikunwatthana","sex":"male","address":"356 7 thailand","ethnicity":"Thai","nationality":"Thai","district":"Wisetchaichan","province":"Angthong","occupation":"Student","salary":"10000","workplace":"SWU","healthhistory":"-","medicalhistory":"-","weight":"50","height":"175"}
Request Method: POST
Input: {"nationid":"1159900438148","dateofbirth":"2024-12-01","postcode":"14110","tel":"0935491111","email":"nonnon48265566@gmail.com","password":"Nonthawat4826*","firstname":"Nonthawat","lastname":"Tantikunwatthana","sex":"male","address":"356 7 thailand","ethnicity":"Thai","nationality":"Thai","district":"Wisetchaichan","province":"Angthong","occupation":"Student","salary":"10000","workplace":"Swu","healthhistory":"-","medicalhistory":"-","weight":"50","height":"175"}
Request Method: POST
Input: {"nationid":"1159900123123","dateofbirth":"2024-12-08","postcode":"14110","tel":"0935491111","email":"nonnon48265566@gmail.com","password":"Nonthawat4826*","firstname":"Nonthawat","lastname":"Tantikunwatthana","sex":"male","address":"356 7 thailand","ethnicity":"Thai","nationality":"Thai","district":"wiset","province":"Angthong","occupation":"Student","salary":"10000","workplace":"SWU","healthhistory":"-","medicalhistory":"-","weight":"50","height":"175"}
Request Method: POST
Input: {"nationid":"1159900123123","dateofbirth":"2024-12-01","postcode":"14110","tel":"0935491111","email":"nonnon48265566@gmail.com","password":"Nonthawat4826*","firstname":"Nonthawat","lastname":"Tantikunwatthana","sex":"male","address":"356 7 thailand","ethnicity":"Thai","nationality":"Thai","district":"Wisetchaichan","province":"Angthong","occupation":"Student","salary":"10000","workplace":"SWU","healthhistory":"-","medicalhistory":"-","weight":"50","height":"175"}
Request Method: POST
Input: {"nationid":"1159900123123","dateofbirth":"2024-12-01","postcode":"14110","tel":"0935491111","email":"nonnon48265566@gmail.com","password":"Nonthawat4826*","firstname":"Nonthawat","lastname":"Tantikunwatthana","sex":"male","address":"356 7 thailand","ethnicity":"Thai","nationality":"thai","district":"Wiset","province":"Angthong","occupation":"Student","salary":"10000","workplace":"SWU","healthhistory":"-","medicalhistory":"-","weight":"50","height":"175"}
Request Method: POST
Input: {"nationid":"1159900123123","dateofbirth":"2024-12-01","postcode":"14110","tel":"0935491111","email":"nonnon48265566@gmail.com","password":"Nonthawat4826*","firstname":"Nonthawat","lastname":"Tantikunwatthana","sex":"male","address":"356 7 thailand","ethnicity":"Thai","nationality":"Thai","district":"Wisetchaichan","province":"Angthong","occupation":"Student","salary":"10000","workplace":"SWU","healthhistory":"-","medicalhistory":"-","weight":"50","height":"175"}
Request Method: POST
Input: {"nationid":"1159900123127","dateofbirth":"2024-12-01","postcode":"14110","tel":"0935491111","email":"nonny48265566@gmail.com","password":"Nonthawat4826*","firstname":"Nonthawat","lastname":"Tantikunwatthana","sex":"male","address":"356 7 thailand","ethnicity":"Thai","nationality":"Thai","district":"Wisetchaichan","province":"Angthong","occupation":"Student","salary":"10000","workplace":"SWU","healthhistory":"-","medicalhistory":"-","weight":"50","height":"175"}
Request Method: POST
Input: {"nationid":"1159900123128","dateofbirth":"2024-12-01","postcode":"14110","tel":"0935491111","email":"nonthawat.ntz@gmail.com","password":"Nonthawat4826*","firstname":"Nonthawat","lastname":"Tantikunwatthana","sex":"male","address":"356 7 thailand","ethnicity":"Thai","nationality":"Thai","district":"Wiset","province":"Angthong","occupation":"Student","salary":"10000","workplace":"SWU","healthhistory":"-","medicalhistory":"-","weight":"50","height":"175"}
Request Method: POST
Input: {"nationid":"1159900123128","dateofbirth":"2024-12-01","postcode":"14110","tel":"0935491111","email":"nonthawat.ntz@gmail.com","password":"Nonthawat4826*","firstname":"Nonthawat","lastname":"Tantikunwatthana","sex":"male","address":"356 7 thailand","ethnicity":"Thai","nationality":"Thai","district":"Wiset","province":"Angthong","occupation":"Student","salary":"10000","workplace":"SWU","healthhistory":"-","medicalhistory":"-","weight":"50","height":"185"}
Request Method: POST
Input: {"nationid":"1159900123128","dateofbirth":"2024-12-01","postcode":"14110","tel":"0935491111","email":"nonthawat.ntz@gmail.com","password":"Nonthawat4826*","firstname":"Nonthawat","lastname":"Tantikunwatthana","sex":"male","address":"356 7 thailand","ethnicity":"Thai","nationality":"Thai","district":"Wiset","province":"Angthong","occupation":"Student","salary":"10000","workplace":"SWU","healthhistory":"-","medicalhistory":"-","weight":"50","height":"185"}
Request Method: POST
Input: {"nationid":"1159900123123","dateofbirth":"2024-12-01","postcode":"14110","tel":"0935491111","email":"nonnon48265566@gmail.com","password":"Nonthawat4826*","firstname":"Nonthawat","lastname":"Tantikunwatthana","sex":"male","address":"352","ethnicity":"Thai","nationality":"Thai","district":"WisetChaichan","province":"Angthong","occupation":"Student","salary":"100000","workplace":"SWU","healthhistory":"-","medicalhistory":"-","weight":"50","height":"175"}
Request Method: POST
Input: {"nationid":"1159900438148","dateofbirth":"2024-12-01","postcode":"14110","tel":"0935491111","email":"nonny48265566@gmail.com","password":"Nonthawat4826*","firstname":"Nonthawat","lastname":"Tantikunwatthana","sex":"male","address":"356 7 thailand","ethnicity":"Thai","nationality":"Thai","district":"Wisetchaichan","province":"Angthong","occupation":"Student","salary":"10000","workplace":"SWU","healthhistory":"-","medicalhistory":"-","weight":"50","height":"175"}
Request Method: POST
Input: {"nationid":"1159900123123","dateofbirth":"2024-12-01","postcode":"14110","tel":"0935491111","email":"nonnon48265566@gmail.com","password":"Nonthawat4826*","firstname":"Nonthawat","lastname":"Tantikunwatthana","sex":"male","address":"352","ethnicity":"Thai","nationality":"Thai","district":"Wisetchaichan","province":"Angthong","occupation":"Student","salary":"10000","workplace":"SWU","healthhistory":"-","medicalhistory":"-","weight":"50","height":"175"}
Request Method: POST
Input: {"nationid":"1159900438149","dateofbirth":"2024-12-01","postcode":"14110","tel":"0935491111","email":"nonny48265566@gmail.com","password":"Nonthawat4826*","firstname":"adsf","lastname":"asdf","sex":"female","address":"sadf","ethnicity":"asdf","nationality":"asdf","district":"asdf","province":"asdf","occupation":"asdf","salary":"123","workplace":"sadf","healthhistory":"asdf","medicalhistory":"sadf","weight":"12","height":"123"}
Request Method: POST
Input: {"nationid":"1159900123123","dateofbirth":"2024-12-01","postcode":"14110","tel":"0935491111","email":"nonthawat.ntz@gmail.com","password":"Nonthawat4826*","firstname":"Nonthawat","lastname":"Tantikunwatthana","sex":"male","address":"asdf","ethnicity":"asdf","nationality":"asdf","district":"asdf","province":"asdf","occupation":"asdf","salary":"100","workplace":"asdf","healthhistory":"asdf","medicalhistory":"asdf","weight":"40","height":"12389"}
Request Method: POST
Input: {"nationid":"1159900123123","dateofbirth":"2024-12-01","postcode":"14110","tel":"0935491111","email":"nonthawat.ntz@gmail.com","password":"Nonthawat4826*","firstname":"Nonthawat","lastname":"Tantikunwatthana","sex":"male","address":"35","ethnicity":"Thai","nationality":"Thai","district":"Wisetchaichan","province":"Angthong","occupation":"Student","salary":"999999","workplace":"SWU","healthhistory":"-","medicalhistory":"-","weight":"50","height":"175"}
